2026-01-20T10:05:35.775Z [feladatbank] [32minfo[39m: Fut a szerver
2026-01-20T10:05:38.350Z [feladatbank] [34mdebug[39m: User has logged in             method=POST             ip=::ffff:127.0.0.1
2026-01-20T10:05:38.383Z [feladatbank] [31merror[39m: /SendFeladatok error=ER_SP_UNDECLARED_VAR: Undeclared variable: undefined clientId=592681031902-0prnralr3p1udmkhodepqtohe8qjvpdl.apps.googleusercontent.com
2026-01-20T10:05:39.726Z [feladatbank] [34mdebug[39m: Courses extracted (userid=164)
2026-01-20T10:07:44.220Z [feladatbank] [31merror[39m: (/SendAlFeladatok) error=no results feladatId=383
2026-01-20T10:07:53.037Z [feladatbank] [31merror[39m: (/SendAlFeladatok) error=no results feladatId=383
2026-01-20T10:08:56.147Z [feladatbank] [34mdebug[39m: User has logged in             method=POST             ip=::1             
2026-01-20T10:08:56.169Z [feladatbank] [31merror[39m: /SendFeladatok error=ER_SP_UNDECLARED_VAR: Undeclared variable: undefined clientId=592681031902-0prnralr3p1udmkhodepqtohe8qjvpdl.apps.googleusercontent.com
2026-01-20T10:08:57.359Z [feladatbank] [34mdebug[39m: Courses extracted (userid=89)
2026-01-20T10:09:00.728Z [feladatbank] [31merror[39m: (/SendAlFeladatok) error=no results feladatId=284
2026-01-20T10:09:42.488Z [feladatbank] [34mdebug[39m: User has logged in             method=POST             ip=::1             
2026-01-20T10:09:42.508Z [feladatbank] [31merror[39m: /SendFeladatok error=ER_SP_UNDECLARED_VAR: Undeclared variable: undefined clientId=592681031902-0prnralr3p1udmkhodepqtohe8qjvpdl.apps.googleusercontent.com
2026-01-20T10:09:43.623Z [feladatbank] [34mdebug[39m: Courses extracted (userid=89)
2026-01-20T10:09:44.793Z [feladatbank] [31merror[39m: (/SendAlFeladatok) error=no results feladatId=284
2026-01-20T10:09:47.483Z [feladatbank] [34mdebug[39m: (/fajlInfo) nincs ilyen fájl id: null
2026-01-20T10:09:54.345Z [feladatbank] [31merror[39m: (/SendAlFeladatok) error=no results feladatId=269
2026-01-20T10:11:08.307Z [feladatbank] [32minfo[39m: Userdata updated               method=POST             ip=::ffff:127.0.0.1
2026-01-20T10:11:14.311Z [feladatbank] [34mdebug[39m: User has logged in             method=POST             ip=::ffff:127.0.0.1
2026-01-20T10:11:14.330Z [feladatbank] [31merror[39m: /SendFeladatok error=ER_SP_UNDECLARED_VAR: Undeclared variable: undefined clientId=592681031902-0prnralr3p1udmkhodepqtohe8qjvpdl.apps.googleusercontent.com
2026-01-20T10:11:15.524Z [feladatbank] [34mdebug[39m: Courses extracted (userid=164)
2026-01-20T10:11:29.706Z [feladatbank] [32minfo[39m: Userdata updated               method=POST             ip=::ffff:127.0.0.1
2026-01-20T10:12:03.947Z [feladatbank] [34mdebug[39m: User has logged in             method=POST             ip=::1             
2026-01-20T10:12:03.975Z [feladatbank] [31merror[39m: /SendFeladatok error=ER_SP_UNDECLARED_VAR: Undeclared variable: undefined clientId=592681031902-0prnralr3p1udmkhodepqtohe8qjvpdl.apps.googleusercontent.com
2026-01-20T10:12:05.061Z [feladatbank] [34mdebug[39m: Courses extracted (userid=89)
2026-01-20T10:12:09.601Z [feladatbank] [31merror[39m: (/SendAlFeladatok) error=no results feladatId=269
2026-01-20T10:13:03.168Z [feladatbank] [34mdebug[39m: User has logged in             method=POST             ip=::1             
2026-01-20T10:13:03.196Z [feladatbank] [31merror[39m: /SendFeladatok error=ER_SP_UNDECLARED_VAR: Undeclared variable: undefined clientId=592681031902-0prnralr3p1udmkhodepqtohe8qjvpdl.apps.googleusercontent.com
2026-01-20T10:13:04.325Z [feladatbank] [34mdebug[39m: Courses extracted (userid=89)
2026-01-20T10:13:28.935Z [feladatbank] [34mdebug[39m: (/fajlInfo) nincs ilyen fájl id: null
2026-01-20T10:13:28.939Z [feladatbank] [34mdebug[39m: (/fajlInfo) nincs ilyen fájl id: null
