2026-01-20T09:18:42.879Z [feladatbank] [32minfo[39m: Fut a szerver
2026-01-20T09:18:52.585Z [feladatbank] [34mdebug[39m: User has logged in             method=POST             ip=::ffff:127.0.0.1
2026-01-20T09:18:53.120Z [feladatbank] [31merror[39m: /SendFeladatok error=ER_SP_UNDECLARED_VAR: Undeclared variable: undefined clientId=592681031902-0prnralr3p1udmkhodepqtohe8qjvpdl.apps.googleusercontent.com
2026-01-20T09:18:55.213Z [feladatbank] [34mdebug[39m: Courses extracted (userid=164)
2026-01-20T09:22:59.151Z [feladatbank] [34mdebug[39m: User has logged in             method=POST             ip=::ffff:127.0.0.1
2026-01-20T09:22:59.267Z [feladatbank] [31merror[39m: /SendFeladatok error=ER_SP_UNDECLARED_VAR: Undeclared variable: undefined clientId=592681031902-0prnralr3p1udmkhodepqtohe8qjvpdl.apps.googleusercontent.com
2026-01-20T09:23:00.618Z [feladatbank] [34mdebug[39m: Courses extracted (userid=164)
2026-01-20T09:23:44.337Z [feladatbank] [34mdebug[39m: User has logged in             method=POST             ip=::ffff:127.0.0.1
2026-01-20T09:23:44.428Z [feladatbank] [31merror[39m: /SendFeladatok error=ER_SP_UNDECLARED_VAR: Undeclared variable: undefined clientId=592681031902-0prnralr3p1udmkhodepqtohe8qjvpdl.apps.googleusercontent.com
2026-01-20T09:23:46.684Z [feladatbank] [34mdebug[39m: Courses extracted (userid=164)
2026-01-20T09:24:57.847Z [feladatbank] [32minfo[39m: Google Auth progress started   method=GET              ip=::1             
2026-01-20T09:25:45.428Z [feladatbank] [34mdebug[39m: User has logged in             method=POST             ip=::ffff:127.0.0.1
2026-01-20T09:25:45.451Z [feladatbank] [31merror[39m: /SendFeladatok error=ER_SP_UNDECLARED_VAR: Undeclared variable: undefined clientId=592681031902-0prnralr3p1udmkhodepqtohe8qjvpdl.apps.googleusercontent.com
2026-01-20T09:25:46.861Z [feladatbank] [34mdebug[39m: Courses extracted (userid=164)
2026-01-20T09:26:35.887Z [feladatbank] [34mdebug[39m: User has logged in             method=POST             ip=::ffff:127.0.0.1
2026-01-20T09:26:35.906Z [feladatbank] [31merror[39m: /SendFeladatok error=ER_SP_UNDECLARED_VAR: Undeclared variable: undefined clientId=592681031902-0prnralr3p1udmkhodepqtohe8qjvpdl.apps.googleusercontent.com
2026-01-20T09:26:37.106Z [feladatbank] [34mdebug[39m: Courses extracted (userid=164)
2026-01-20T09:29:10.765Z [feladatbank] [32minfo[39m: Google Auth progress started   method=GET              ip=::1             
2026-01-20T09:29:13.463Z [feladatbank] [34mdebug[39m: User has logged in             method=POST             ip=::ffff:127.0.0.1
2026-01-20T09:29:13.486Z [feladatbank] [31merror[39m: /SendFeladatok error=ER_SP_UNDECLARED_VAR: Undeclared variable: undefined clientId=592681031902-0prnralr3p1udmkhodepqtohe8qjvpdl.apps.googleusercontent.com
2026-01-20T09:29:15.269Z [feladatbank] [34mdebug[39m: Courses extracted (userid=164)
2026-01-20T09:30:21.968Z [feladatbank] [31merror[39m: /reg error! Valamelyik session-token hiányzik, vagy nem egyeznek a tokenek
2026-01-20T09:30:47.842Z [feladatbank] [34mdebug[39m: User has logged in             method=POST             ip=::ffff:127.0.0.1
2026-01-20T09:30:47.877Z [feladatbank] [31merror[39m: /SendFeladatok error=ER_SP_UNDECLARED_VAR: Undeclared variable: undefined clientId=592681031902-0prnralr3p1udmkhodepqtohe8qjvpdl.apps.googleusercontent.com
2026-01-20T09:30:49.364Z [feladatbank] [34mdebug[39m: Courses extracted (userid=164)
2026-01-20T09:30:53.781Z [feladatbank] [32minfo[39m: Google Auth progress started   method=GET              ip=::1             
2026-01-20T09:31:29.183Z [feladatbank] [34mdebug[39m: User has logged in             method=POST             ip=::ffff:127.0.0.1
2026-01-20T09:31:29.208Z [feladatbank] [31merror[39m: /SendFeladatok error=ER_SP_UNDECLARED_VAR: Undeclared variable: undefined clientId=592681031902-0prnralr3p1udmkhodepqtohe8qjvpdl.apps.googleusercontent.com
2026-01-20T09:31:30.617Z [feladatbank] [34mdebug[39m: Courses extracted (userid=164)
2026-01-20T09:31:42.662Z [feladatbank] [32minfo[39m: User Rebeka Papp login attempted..
2026-01-20T09:31:42.870Z [feladatbank] [34mdebug[39m: User has logged in             method=POST             ip=::1             
2026-01-20T09:31:43.927Z [feladatbank] [34mdebug[39m: Courses extracted (userid=89)
2026-01-20T09:34:18.546Z [feladatbank] [34mdebug[39m: User has logged in             method=POST             ip=::1             
2026-01-20T09:34:18.575Z [feladatbank] [31merror[39m: /SendFeladatok error=ER_SP_UNDECLARED_VAR: Undeclared variable: undefined clientId=592681031902-0prnralr3p1udmkhodepqtohe8qjvpdl.apps.googleusercontent.com
2026-01-20T09:34:20.973Z [feladatbank] [34mdebug[39m: Courses extracted (userid=89)
2026-01-20T09:38:09.626Z [feladatbank] [34mdebug[39m: User has logged in             method=POST             ip=::1             
2026-01-20T09:38:09.652Z [feladatbank] [31merror[39m: /SendFeladatok error=ER_SP_UNDECLARED_VAR: Undeclared variable: undefined clientId=592681031902-0prnralr3p1udmkhodepqtohe8qjvpdl.apps.googleusercontent.com
2026-01-20T09:38:10.913Z [feladatbank] [34mdebug[39m: Courses extracted (userid=89)
2026-01-20T09:41:23.516Z [feladatbank] [34mdebug[39m: User has logged in             method=POST             ip=::1             
2026-01-20T09:41:23.539Z [feladatbank] [31merror[39m: /SendFeladatok error=ER_SP_UNDECLARED_VAR: Undeclared variable: undefined clientId=592681031902-0prnralr3p1udmkhodepqtohe8qjvpdl.apps.googleusercontent.com
2026-01-20T09:41:25.712Z [feladatbank] [34mdebug[39m: Courses extracted (userid=89)
2026-01-20T09:42:59.890Z [feladatbank] [34mdebug[39m: User has logged in             method=POST             ip=::1             
2026-01-20T09:42:59.911Z [feladatbank] [31merror[39m: /SendFeladatok error=ER_SP_UNDECLARED_VAR: Undeclared variable: undefined clientId=592681031902-0prnralr3p1udmkhodepqtohe8qjvpdl.apps.googleusercontent.com
2026-01-20T09:43:01.059Z [feladatbank] [34mdebug[39m: Courses extracted (userid=89)
2026-01-20T09:43:03.391Z [feladatbank] [31merror[39m: (/SendAlFeladatok) error=no results feladatId=284
2026-01-20T09:45:51.654Z [feladatbank] [34mdebug[39m: User has logged in             method=POST             ip=::1             
2026-01-20T09:45:51.679Z [feladatbank] [31merror[39m: /SendFeladatok error=ER_SP_UNDECLARED_VAR: Undeclared variable: undefined clientId=592681031902-0prnralr3p1udmkhodepqtohe8qjvpdl.apps.googleusercontent.com
2026-01-20T09:45:52.804Z [feladatbank] [34mdebug[39m: Courses extracted (userid=89)
2026-01-20T09:46:07.192Z [feladatbank] [31merror[39m: (/SendAlFeladatok) error=no results feladatId=284
2026-01-20T09:46:19.644Z [feladatbank] [31merror[39m: (/SendAlFeladatok) error=no results feladatId=269
2026-01-20T09:47:45.872Z [feladatbank] [34mdebug[39m: User has logged in             method=POST             ip=::1             
2026-01-20T09:47:45.893Z [feladatbank] [31merror[39m: /SendFeladatok error=ER_SP_UNDECLARED_VAR: Undeclared variable: undefined clientId=592681031902-0prnralr3p1udmkhodepqtohe8qjvpdl.apps.googleusercontent.com
2026-01-20T09:47:48.158Z [feladatbank] [34mdebug[39m: Courses extracted (userid=89)
2026-01-20T09:47:49.618Z [feladatbank] [31merror[39m: (/SendAlFeladatok) error=no results feladatId=269
2026-01-20T09:49:26.969Z [feladatbank] [34mdebug[39m: User has logged in             method=POST             ip=::1             
2026-01-20T09:49:26.997Z [feladatbank] [31merror[39m: /SendFeladatok error=ER_SP_UNDECLARED_VAR: Undeclared variable: undefined clientId=592681031902-0prnralr3p1udmkhodepqtohe8qjvpdl.apps.googleusercontent.com
2026-01-20T09:49:28.172Z [feladatbank] [34mdebug[39m: Courses extracted (userid=89)
2026-01-20T09:49:30.044Z [feladatbank] [31merror[39m: (/SendAlFeladatok) error=no results feladatId=269
