2026-01-23T08:04:21.265Z [feladatbank] [32minfo[39m: Fut a szerver
2026-01-23T08:06:47.061Z [feladatbank] [32minfo[39m: User Rebeka Papp login attempted..
2026-01-23T08:06:47.327Z [feladatbank] [34mdebug[39m: User has logged in             method=POST             ip=::1             
2026-01-23T08:06:47.356Z [feladatbank] [31merror[39m: /SendFeladatok error=ER_SP_UNDECLARED_VAR: Undeclared variable: undefined clientId=592681031902-0prnralr3p1udmkhodepqtohe8qjvpdl.apps.googleusercontent.com
2026-01-23T08:06:49.969Z [feladatbank] [34mdebug[39m: Courses extracted (userid=89)
2026-01-23T08:07:49.649Z [feladatbank] [32minfo[39m: User reczegd@gmail.com login attempted..
2026-01-23T08:07:49.865Z [feladatbank] [34mdebug[39m: User has logged in             method=POST             ip=::ffff:127.0.0.1
2026-01-23T08:07:51.084Z [feladatbank] [34mdebug[39m: Courses extracted (userid=164)
2026-01-23T08:07:52.615Z [feladatbank] [32minfo[39m: User Rebeka Papp login attempted..
2026-01-23T08:07:52.736Z [feladatbank] [34mdebug[39m: User has logged in             method=POST             ip=::1             
2026-01-23T08:07:52.758Z [feladatbank] [31merror[39m: /SendFeladatok error=ER_SP_UNDECLARED_VAR: Undeclared variable: undefined clientId=592681031902-0prnralr3p1udmkhodepqtohe8qjvpdl.apps.googleusercontent.com
2026-01-23T08:07:53.302Z [feladatbank] [34mdebug[39m: Courses extracted (userid=89)
2026-01-23T08:08:37.121Z [feladatbank] [34mdebug[39m: User has logged in             method=POST             ip=::ffff:127.0.0.1
2026-01-23T08:08:38.147Z [feladatbank] [34mdebug[39m: Courses extracted (userid=164)
2026-01-23T08:10:14.474Z [feladatbank] [34mdebug[39m: User has logged in             method=POST             ip=::ffff:127.0.0.1
2026-01-23T08:10:15.536Z [feladatbank] [34mdebug[39m: Courses extracted (userid=164)
2026-01-23T08:12:29.607Z [feladatbank] [34mdebug[39m: User has logged in             method=POST             ip=::1             
2026-01-23T08:12:29.632Z [feladatbank] [31merror[39m: /SendFeladatok error=ER_SP_UNDECLARED_VAR: Undeclared variable: undefined clientId=592681031902-0prnralr3p1udmkhodepqtohe8qjvpdl.apps.googleusercontent.com
2026-01-23T08:12:32.307Z [feladatbank] [34mdebug[39m: Courses extracted (userid=89)
2026-01-23T08:12:32.588Z [feladatbank] [34mdebug[39m: User has logged in             method=POST             ip=::1             
2026-01-23T08:12:32.617Z [feladatbank] [31merror[39m: /SendFeladatok error=ER_SP_UNDECLARED_VAR: Undeclared variable: undefined clientId=592681031902-0prnralr3p1udmkhodepqtohe8qjvpdl.apps.googleusercontent.com
2026-01-23T08:12:33.516Z [feladatbank] [34mdebug[39m: Courses extracted (userid=89)
2026-01-23T08:12:34.366Z [feladatbank] [34mdebug[39m: User has logged in             method=POST             ip=::1             
2026-01-23T08:12:34.402Z [feladatbank] [31merror[39m: /SendFeladatok error=ER_SP_UNDECLARED_VAR: Undeclared variable: undefined clientId=592681031902-0prnralr3p1udmkhodepqtohe8qjvpdl.apps.googleusercontent.com
2026-01-23T08:12:35.247Z [feladatbank] [34mdebug[39m: Courses extracted (userid=89)
2026-01-23T08:13:02.389Z [feladatbank] [34mdebug[39m: User has logged in             method=POST             ip=::1             
2026-01-23T08:13:02.437Z [feladatbank] [31merror[39m: /SendFeladatok error=ER_SP_UNDECLARED_VAR: Undeclared variable: undefined clientId=592681031902-0prnralr3p1udmkhodepqtohe8qjvpdl.apps.googleusercontent.com
2026-01-23T08:13:03.724Z [feladatbank] [34mdebug[39m: Courses extracted (userid=89)
2026-01-23T08:13:46.255Z [feladatbank] [32minfo[39m: User Rebeka Papp login attempted..
2026-01-23T08:13:46.405Z [feladatbank] [34mdebug[39m: User has logged in             method=POST             ip=::1             
2026-01-23T08:13:47.486Z [feladatbank] [34mdebug[39m: Courses extracted (userid=89)
2026-01-23T08:16:57.845Z [feladatbank] [34mdebug[39m: User has logged in             method=POST             ip=::1             
2026-01-23T08:16:59.081Z [feladatbank] [34mdebug[39m: Courses extracted (userid=89)
2026-01-23T08:20:27.168Z [feladatbank] [34mdebug[39m: User has logged in             method=POST             ip=::1             
2026-01-23T08:20:29.498Z [feladatbank] [34mdebug[39m: Courses extracted (userid=89)
2026-01-23T08:22:52.233Z [feladatbank] [34mdebug[39m: User has logged in             method=POST             ip=::1             
2026-01-23T08:22:53.607Z [feladatbank] [34mdebug[39m: Courses extracted (userid=89)
2026-01-23T08:23:23.776Z [feladatbank] [34mdebug[39m: User has logged in             method=POST             ip=::ffff:127.0.0.1
2026-01-23T08:23:24.913Z [feladatbank] [34mdebug[39m: Courses extracted (userid=164)
2026-01-23T08:23:35.113Z [feladatbank] [34mdebug[39m: User has logged in             method=POST             ip=::1             
2026-01-23T08:23:36.461Z [feladatbank] [34mdebug[39m: Courses extracted (userid=89)
2026-01-23T08:24:56.591Z [feladatbank] [34mdebug[39m: User has logged in             method=POST             ip=::ffff:127.0.0.1
2026-01-23T08:24:57.687Z [feladatbank] [34mdebug[39m: Courses extracted (userid=164)
2026-01-23T08:27:00.054Z [feladatbank] [34mdebug[39m: User has logged in             method=POST             ip=::ffff:127.0.0.1
2026-01-23T08:27:02.171Z [feladatbank] [34mdebug[39m: Courses extracted (userid=164)
2026-01-23T08:27:03.057Z [feladatbank] [34mdebug[39m: User has logged in             method=POST             ip=::1             
2026-01-23T08:27:04.076Z [feladatbank] [34mdebug[39m: Courses extracted (userid=89)
2026-01-23T08:27:44.670Z [feladatbank] [34mdebug[39m: User has logged in             method=POST             ip=::1             
2026-01-23T08:27:45.877Z [feladatbank] [34mdebug[39m: Courses extracted (userid=89)
2026-01-23T08:28:06.521Z [feladatbank] [31merror[39m: (/ment-feladat) error=ER_BAD_FIELD_ERROR: Unknown column 'NaN' in 'VALUES'
