2026-01-23T09:59:55.252Z [feladatbank] [32minfo[39m: Fut a szerver
2026-01-23T09:59:55.766Z [feladatbank] [34mdebug[39m: User has logged in             method=POST             ip=::ffff:127.0.0.1
2026-01-23T09:59:57.461Z [feladatbank] [34mdebug[39m: Courses extracted (userid=164)
2026-01-23T10:00:13.957Z [feladatbank] [34mdebug[39m: User has logged in             method=POST             ip=::ffff:127.0.0.1
2026-01-23T10:00:15.052Z [feladatbank] [34mdebug[39m: Courses extracted (userid=164)
2026-01-23T10:01:13.208Z [feladatbank] [34mdebug[39m: User has logged in             method=POST             ip=::1             
2026-01-23T10:01:14.708Z [feladatbank] [34mdebug[39m: Courses extracted (userid=89)
2026-01-23T10:01:19.369Z [feladatbank] [34mdebug[39m: User has logged in             method=POST             ip=::ffff:127.0.0.1
2026-01-23T10:01:19.867Z [feladatbank] [34mdebug[39m: Courses extracted (userid=164)
2026-01-23T10:03:35.168Z [feladatbank] [34mdebug[39m: User has logged in             method=POST             ip=::ffff:127.0.0.1
2026-01-23T10:03:36.474Z [feladatbank] [34mdebug[39m: Courses extracted (userid=164)
2026-01-23T10:03:43.434Z [feladatbank] [34mdebug[39m: (/fajlInfo) nincs ilyen fájl id: null
2026-01-23T10:03:43.439Z [feladatbank] [34mdebug[39m: (/fajlInfo) nincs ilyen fájl id: null
2026-01-23T10:03:50.863Z [feladatbank] [34mdebug[39m: (/fajlInfo) nincs ilyen fájl id: null
2026-01-23T10:03:50.867Z [feladatbank] [34mdebug[39m: (/fajlInfo) nincs ilyen fájl id: null
2026-01-23T10:03:52.362Z [feladatbank] [31merror[39m: (/SendAlFeladatok) error=no results feladatId=265
2026-01-23T10:05:43.313Z [feladatbank] [34mdebug[39m: User has logged in             method=POST             ip=::ffff:127.0.0.1
2026-01-23T10:05:45.714Z [feladatbank] [34mdebug[39m: Courses extracted (userid=164)
2026-01-23T10:06:33.986Z [feladatbank] [31merror[39m: (/SendAlFeladatok) error=no results feladatId=390
2026-01-23T10:06:34.710Z [feladatbank] [31merror[39m: (/SendAlFeladatok) error=no results feladatId=390
2026-01-23T10:06:35.586Z [feladatbank] [31merror[39m: (/SendAlFeladatok) error=no results feladatId=390
2026-01-23T10:06:35.776Z [feladatbank] [31merror[39m: (/SendAlFeladatok) error=no results feladatId=390
2026-01-23T10:06:35.936Z [feladatbank] [31merror[39m: (/SendAlFeladatok) error=no results feladatId=390
2026-01-23T10:06:36.104Z [feladatbank] [31merror[39m: (/SendAlFeladatok) error=no results feladatId=390
2026-01-23T10:06:36.255Z [feladatbank] [31merror[39m: (/SendAlFeladatok) error=no results feladatId=390
2026-01-23T10:07:56.590Z [feladatbank] [34mdebug[39m: User has logged in             method=POST             ip=::1             
2026-01-23T10:07:58.191Z [feladatbank] [34mdebug[39m: Courses extracted (userid=89)
2026-01-23T10:08:56.406Z [feladatbank] [34mdebug[39m: User has logged in             method=POST             ip=::1             
2026-01-23T10:08:57.534Z [feladatbank] [34mdebug[39m: Courses extracted (userid=89)
2026-01-23T10:11:28.977Z [feladatbank] [34mdebug[39m: User has logged in             method=POST             ip=::ffff:127.0.0.1
2026-01-23T10:11:30.909Z [feladatbank] [34mdebug[39m: Courses extracted (userid=164)
2026-01-23T10:13:22.975Z [feladatbank] [31merror[39m: (/SendAlFeladatok) error=no results feladatId=390
2026-01-23T10:13:24.445Z [feladatbank] [31merror[39m: (/SendAlFeladatok) error=no results feladatId=390
2026-01-23T10:13:25.836Z [feladatbank] [31merror[39m: (/SendAlFeladatok) error=no results feladatId=390
2026-01-23T10:13:27.400Z [feladatbank] [31merror[39m: (/SendAlFeladatok) error=no results feladatId=390
2026-01-23T10:13:28.660Z [feladatbank] [31merror[39m: (/SendAlFeladatok) error=no results feladatId=390
2026-01-23T10:13:29.796Z [feladatbank] [31merror[39m: (/SendAlFeladatok) error=no results feladatId=390
2026-01-23T10:13:30.757Z [feladatbank] [31merror[39m: (/SendAlFeladatok) error=no results feladatId=390
2026-01-23T10:13:33.139Z [feladatbank] [31merror[39m: (/SendAlFeladatok) error=no results feladatId=390
2026-01-23T10:13:34.515Z [feladatbank] [31merror[39m: (/SendAlFeladatok) error=no results feladatId=390
2026-01-23T10:13:35.908Z [feladatbank] [31merror[39m: (/SendAlFeladatok) error=no results feladatId=390
2026-01-23T10:16:55.685Z [feladatbank] [34mdebug[39m: User has logged in             method=POST             ip=::ffff:127.0.0.1
2026-01-23T10:16:57.302Z [feladatbank] [34mdebug[39m: Courses extracted (userid=167)
2026-01-23T10:18:03.945Z [feladatbank] [34mdebug[39m: User has logged in             method=POST             ip=::ffff:127.0.0.1
2026-01-23T10:18:05.373Z [feladatbank] [34mdebug[39m: Courses extracted (userid=167)
2026-01-23T10:18:59.684Z [feladatbank] [34mdebug[39m: User has logged in             method=POST             ip=::ffff:127.0.0.1
2026-01-23T10:19:01.101Z [feladatbank] [34mdebug[39m: Courses extracted (userid=167)
2026-01-23T10:20:33.948Z [feladatbank] [34mdebug[39m: User has logged in             method=POST             ip=::1             
2026-01-23T10:20:35.057Z [feladatbank] [34mdebug[39m: Courses extracted (userid=89)
