2026-01-28T09:54:26.877Z [feladatbank] [32minfo[39m: Fut a szerver
2026-01-28T09:55:28.480Z [feladatbank] [31merror[39m: (/SendAlFeladatok) error=no results feladatId=424
2026-01-28T09:55:30.478Z [feladatbank] [31merror[39m: (/SendAlFeladatok) error=no results feladatId=438
2026-01-28T09:55:31.729Z [feladatbank] [31merror[39m: (/SendAlFeladatok) error=no results feladatId=439
2026-01-28T09:55:33.125Z [feladatbank] [31merror[39m: (/SendAlFeladatok) error=no results feladatId=444
2026-01-28T09:55:34.202Z [feladatbank] [31merror[39m: (/SendAlFeladatok) error=no results feladatId=445
2026-01-28T09:55:35.235Z [feladatbank] [31merror[39m: (/SendAlFeladatok) error=no results feladatId=446
2026-01-28T09:55:36.291Z [feladatbank] [31merror[39m: (/SendAlFeladatok) error=no results feladatId=447
2026-01-28T09:55:37.322Z [feladatbank] [31merror[39m: (/SendAlFeladatok) error=no results feladatId=448
2026-01-28T09:55:39.097Z [feladatbank] [31merror[39m: (/SendAlFeladatok) error=no results feladatId=449
2026-01-28T09:55:40.276Z [feladatbank] [31merror[39m: (/SendAlFeladatok) error=no results feladatId=450
2026-01-28T09:55:50.968Z [feladatbank] [31merror[39m: (/SendAlFeladatok) error=no results feladatId=438
2026-01-28T09:55:54.219Z [feladatbank] [31merror[39m: (/SendAlFeladatok) error=no results feladatId=437
2026-01-28T09:56:05.552Z [feladatbank] [34mdebug[39m: User has logged in             method=POST             ip=::ffff:127.0.0.1
2026-01-28T09:56:08.174Z [feladatbank] [34mdebug[39m: Courses extracted (userid=210)
2026-01-28T09:56:09.359Z [feladatbank] [31merror[39m: (/SendAlFeladatok) error=no results feladatId=468
2026-01-28T09:56:16.735Z [feladatbank] [34mdebug[39m: (/FeladatMegosztasaTanarral) Feladat megosztva feladatId=468 felado=210 cimzett=Rebeka Papp
2026-01-28T09:56:18.059Z [feladatbank] [31merror[39m: (/SendAlFeladatok) error=no results feladatId=467
2026-01-28T09:56:22.392Z [feladatbank] [34mdebug[39m: (/FeladatMegosztasaTanarral) Feladat megosztva feladatId=467 felado=210 cimzett=
2026-01-28T09:56:24.252Z [feladatbank] [31merror[39m: (/SendAlFeladatok) error=no results feladatId=437
2026-01-28T09:56:28.257Z [feladatbank] [34mdebug[39m: (/FeladatMegosztasaTanarral) Feladat megosztva feladatId=437 felado=210 cimzett=
2026-01-28T09:56:28.757Z [feladatbank] [32minfo[39m: User Benett Brendasdfon Bad login attempted..
2026-01-28T09:56:28.790Z [feladatbank] [31merror[39m: (/SendAlFeladatok) error=no results feladatId=440
2026-01-28T09:56:29.137Z [feladatbank] [34mdebug[39m: User has logged in             method=POST             ip=::ffff:127.0.0.1
2026-01-28T09:56:30.091Z [feladatbank] [34mdebug[39m: Courses extracted (userid=204)
2026-01-28T09:56:32.977Z [feladatbank] [34mdebug[39m: (/FeladatMegosztasaTanarral) Feladat megosztva feladatId=440 felado=210 cimzett=
2026-01-28T09:56:37.194Z [feladatbank] [34mdebug[39m: (/FeladatMegosztasaTanarral) Feladat megosztva feladatId=431 felado=210 cimzett=
2026-01-28T09:56:39.922Z [feladatbank] [34mdebug[39m: User has logged in             method=POST             ip=::1             
2026-01-28T09:56:41.029Z [feladatbank] [34mdebug[39m: Courses extracted (userid=202)
2026-01-28T09:56:45.191Z [feladatbank] [34mdebug[39m: User has logged in             method=POST             ip=::1             
2026-01-28T09:56:45.764Z [feladatbank] [34mdebug[39m: Courses extracted (userid=202)
2026-01-28T09:57:11.667Z [feladatbank] [34mdebug[39m: User has logged in             method=POST             ip=::1             
2026-01-28T09:57:12.829Z [feladatbank] [34mdebug[39m: Courses extracted (userid=202)
