2026-01-28T10:13:36.615Z [feladatbank] [32minfo[39m: Fut a szerver
2026-01-28T10:13:51.864Z [feladatbank] [32minfo[39m: User Benett Brendasdfon Bad login attempted..
2026-01-28T10:13:52.398Z [feladatbank] [34mdebug[39m: User has logged in             method=POST             ip=::ffff:127.0.0.1
2026-01-28T10:13:54.841Z [feladatbank] [34mdebug[39m: Courses extracted (userid=204)
2026-01-28T10:14:14.473Z [feladatbank] [34mdebug[39m: User has logged in             method=POST             ip=::ffff:127.0.0.1
2026-01-28T10:14:15.679Z [feladatbank] [34mdebug[39m: Courses extracted (userid=210)
2026-01-28T10:14:16.651Z [feladatbank] [34mdebug[39m: User has logged in             method=POST             ip=::ffff:127.0.0.1
2026-01-28T10:14:17.318Z [feladatbank] [34mdebug[39m: Courses extracted (userid=210)
2026-01-28T10:14:33.804Z [feladatbank] [34mdebug[39m: User has logged in             method=POST             ip=::ffff:127.0.0.1
2026-01-28T10:14:35.363Z [feladatbank] [34mdebug[39m: Courses extracted (userid=210)
2026-01-28T10:14:45.362Z [feladatbank] [31merror[39m: (/SendAlFeladatok) error=no results feladatId=468
2026-01-28T10:14:49.900Z [feladatbank] [34mdebug[39m: User has logged in             method=POST             ip=::ffff:127.0.0.1
2026-01-28T10:14:51.282Z [feladatbank] [34mdebug[39m: Courses extracted (userid=210)
2026-01-28T10:14:52.418Z [feladatbank] [31merror[39m: (/SendAlFeladatok) error=no results feladatId=468
2026-01-28T10:14:57.059Z [feladatbank] [34mdebug[39m: (/FeladatMegosztasaTanarral) Feladat megosztva feladatId=468 felado=210 cimzett=papp.r.606@gmail.com
2026-01-28T10:14:58.297Z [feladatbank] [31merror[39m: (/SendAlFeladatok) error=no results feladatId=467
2026-01-28T10:15:00.569Z [feladatbank] [34mdebug[39m: (/FeladatMegosztasaTanarral) Feladat megosztva feladatId=467 felado=210 cimzett=Rebeka Papp
2026-01-28T10:15:02.232Z [feladatbank] [31merror[39m: (/SendAlFeladatok) error=no results feladatId=465
2026-01-28T10:15:06.530Z [feladatbank] [34mdebug[39m: (/FeladatMegosztasaTanarral) Feladat megosztva feladatId=465 felado=210 cimzett=Benett Brendasdfon Bad
2026-01-28T10:15:08.373Z [feladatbank] [31merror[39m: (/SendAlFeladatok) error=no results feladatId=464
2026-01-28T10:15:10.480Z [feladatbank] [34mdebug[39m: (/FeladatMegosztasaTanarral) Feladat megosztva feladatId=464 felado=210 cimzett=Rebeka Papp
2026-01-28T10:15:12.425Z [feladatbank] [31merror[39m: (/SendAlFeladatok) error=no results feladatId=437
2026-01-28T10:15:14.476Z [feladatbank] [34mdebug[39m: (/FeladatMegosztasaTanarral) Feladat megosztva feladatId=437 felado=210 cimzett=Rebeka Papp
2026-01-28T10:15:16.818Z [feladatbank] [34mdebug[39m: (/FeladatMegosztasaTanarral) Feladat megosztva feladatId=431 felado=210 cimzett=Rebeka Papp
2026-01-28T10:15:17.991Z [feladatbank] [31merror[39m: (/SendAlFeladatok) error=no results feladatId=430
2026-01-28T10:15:20.017Z [feladatbank] [34mdebug[39m: (/FeladatMegosztasaTanarral) Feladat megosztva feladatId=430 felado=210 cimzett=Rebeka Papp
